<?xml version="1.0" encoding="UTF-8"?>
<!-- Generated by org.testng.reporters.JUnitReportReporter -->
<testsuite hostname="DESKTOP-AUMA2HC" failures="0" tests="1" name="Com.TestCases.TC_HomePage" time="1.943" errors="0" timestamp="09 Apr 2023 15:42:26 GMT" skipped="0">
  <testcase classname="Com.TestCases.TC_HomePage" name="setup" time="1.943"/>
</testsuite> <!-- Com.TestCases.TC_HomePage -->
