<?xml version="1.0" encoding="UTF-8"?>
<!-- Generated by org.testng.reporters.JUnitReportReporter -->
<testsuite hostname="DESKTOP-AUMA2HC" failures="0" tests="1" name="Com.TestCases.Baseclass" time="1.798" errors="0" timestamp="09 Apr 2023 18:49:32 GMT" skipped="0">
  <testcase classname="Com.TestCases.Baseclass" name="setup" time="1.798"/>
</testsuite> <!-- Com.TestCases.Baseclass -->
